20:20:50,196 (main) DEBUG [DataNucleus.General] - Using PluginRegistry org.datanucleus.plugin.NonManagedPluginRegistry
20:20:50,236 (main) DEBUG [DataNucleus.General] - Registering bundle org.sonatype.inject version 2.3.0 at URL file:/C:/Users/Hodei/.m2/repository/org/sonatype/sisu/sisu-inject-bean/2.3.0/sisu-inject-bean-2.3.0.jar.
20:20:50,286 (main) DEBUG [DataNucleus.General] - Leyendo extension-points y extensiones del archivo de plug-in jar:file:/C:/Users/Hodei/.m2/repository/org/sonatype/sisu/sisu-inject-bean/2.3.0/sisu-inject-bean-2.3.0.jar!/plugin.xml.
20:20:50,296 (main) DEBUG [DataNucleus.General] - Registering bundle org.datanucleus version 5.2.2 at URL file:/C:/Users/Hodei/.m2/repository/org/datanucleus/datanucleus-core/5.2.2/datanucleus-core-5.2.2.jar.
20:20:50,307 (main) DEBUG [DataNucleus.General] - Leyendo extension-points y extensiones del archivo de plug-in jar:file:/C:/Users/Hodei/.m2/repository/org/datanucleus/datanucleus-core/5.2.2/datanucleus-core-5.2.2.jar!/plugin.xml.
20:20:50,327 (main) DEBUG [DataNucleus.General] - Registering bundle org.datanucleus.api.jdo version 5.2.2 at URL file:/C:/Users/Hodei/.m2/repository/org/datanucleus/datanucleus-api-jdo/5.2.2/datanucleus-api-jdo-5.2.2.jar.
20:20:50,357 (main) DEBUG [DataNucleus.General] - Leyendo extension-points y extensiones del archivo de plug-in jar:file:/C:/Users/Hodei/.m2/repository/org/datanucleus/datanucleus-api-jdo/5.2.2/datanucleus-api-jdo-5.2.2.jar!/plugin.xml.
20:20:50,377 (main) DEBUG [DataNucleus.General] - Registering bundle org.datanucleus.store.rdbms version 5.2.1 at URL file:/C:/Users/Hodei/.m2/repository/org/datanucleus/datanucleus-rdbms/5.2.1/datanucleus-rdbms-5.2.1.jar.
20:20:50,395 (main) DEBUG [DataNucleus.General] - Leyendo extension-points y extensiones del archivo de plug-in jar:file:/C:/Users/Hodei/.m2/repository/org/datanucleus/datanucleus-rdbms/5.2.1/datanucleus-rdbms-5.2.1.jar!/plugin.xml.
20:20:50,448 (main) DEBUG [DataNucleus.Persistence] - Tipos de Java inicializando ...
20:20:50,578 (main) DEBUG [DataNucleus.Persistence] - Soporte para tipos de Java listo : tipos soportados = [B, [C, [D, [F, [I, [J, [Ljava.lang.Boolean;, [Ljava.lang.Byte;, [Ljava.lang.Character;, [Ljava.lang.Double;, [Ljava.lang.Enum;, [Ljava.lang.Float;, [Ljava.lang.Integer;, [Ljava.lang.Long;, [Ljava.lang.Number;, [Ljava.lang.Object;, [Ljava.lang.Short;, [Ljava.lang.String;, [Ljava.math.BigDecimal;, [Ljava.math.BigInteger;, [Ljava.util.Date;, [Ljava.util.Locale;, [S, [Z, boolean, byte, char, double, float, int, java.awt.Color, java.awt.image.BufferedImage, java.lang.Boolean, java.lang.Byte, java.lang.Character, java.lang.Class, java.lang.Double, java.lang.Enum, java.lang.Float, java.lang.Integer, java.lang.Long, java.lang.Number, java.lang.Short, java.lang.String, java.lang.StringBuffer, java.lang.StringBuilder, java.math.BigDecimal, java.math.BigInteger, java.net.URI, java.net.URL, java.sql.Date, java.sql.Time, java.sql.Timestamp, java.time.Duration, java.time.Instant, java.time.LocalDate, java.time.LocalDateTime, java.time.LocalTime, java.time.MonthDay, java.time.OffsetDateTime, java.time.OffsetTime, java.time.Period, java.time.Year, java.time.YearMonth, java.time.ZonedDateTime, java.time.ZoneId, java.time.ZoneOffset, java.util.ArrayList, java.util.Arrays$ArrayList, java.util.BitSet, java.util.Calendar, java.util.Collection, java.util.Currency, java.util.Date, java.util.GregorianCalendar, java.util.HashMap, java.util.HashSet, java.util.Hashtable, java.util.LinkedHashMap, java.util.LinkedHashSet, java.util.LinkedList, java.util.List, java.util.Locale, java.util.Map, java.util.Optional, java.util.PriorityQueue, java.util.Properties, java.util.Queue, java.util.Set, java.util.SortedMap, java.util.SortedSet, java.util.Stack, java.util.TimeZone, java.util.TreeMap, java.util.TreeSet, java.util.UUID, java.util.Vector, long, short
20:20:50,578 (main) DEBUG [DataNucleus.Persistence] - Inicializando TypeConverters ...
20:20:50,629 (main) DEBUG [DataNucleus.Persistence] - TypeConverters listo
20:20:50,637 (main) DEBUG [DataNucleus.Persistence] - TypeConverter(s) available for byte[] to : java.nio.ByteBuffer
20:20:50,637 (main) DEBUG [DataNucleus.Persistence] - TypeConverter(s) available for char[] to : java.nio.ByteBuffer
20:20:50,637 (main) DEBUG [DataNucleus.Persistence] - TypeConverter(s) available for double[] to : java.nio.ByteBuffer
20:20:50,637 (main) DEBUG [DataNucleus.Persistence] - TypeConverter(s) available for float[] to : java.nio.ByteBuffer
20:20:50,637 (main) DEBUG [DataNucleus.Persistence] - TypeConverter(s) available for int[] to : java.nio.ByteBuffer
20:20:50,637 (main) DEBUG [DataNucleus.Persistence] - TypeConverter(s) available for long[] to : java.nio.ByteBuffer
20:20:50,637 (main) DEBUG [DataNucleus.Persistence] - TypeConverter(s) available for [Ljava.math.BigDecimal; to : java.nio.ByteBuffer
20:20:50,637 (main) DEBUG [DataNucleus.Persistence] - TypeConverter(s) available for [Ljava.math.BigInteger; to : java.nio.ByteBuffer
20:20:50,637 (main) DEBUG [DataNucleus.Persistence] - TypeConverter(s) available for short[] to : java.nio.ByteBuffer
20:20:50,637 (main) DEBUG [DataNucleus.Persistence] - TypeConverter(s) available for boolean[] to : java.nio.ByteBuffer
20:20:50,637 (main) DEBUG [DataNucleus.Persistence] - TypeConverter(s) available for java.awt.Color to : java.lang.String,int[]
20:20:50,637 (main) DEBUG [DataNucleus.Persistence] - TypeConverter(s) available for java.awt.image.BufferedImage to : byte[],java.nio.ByteBuffer
20:20:50,637 (main) DEBUG [DataNucleus.Persistence] - TypeConverter(s) available for java.io.Serializable to : java.lang.String,byte[],java.nio.ByteBuffer
20:20:50,637 (main) DEBUG [DataNucleus.Persistence] - TypeConverter(s) available for java.lang.Boolean to : java.lang.Character,java.lang.Integer
20:20:50,637 (main) DEBUG [DataNucleus.Persistence] - TypeConverter(s) available for java.lang.Character to : java.lang.String
20:20:50,637 (main) DEBUG [DataNucleus.Persistence] - TypeConverter(s) available for java.lang.Class to : java.lang.String
20:20:50,639 (main) DEBUG [DataNucleus.Persistence] - TypeConverter(s) available for java.lang.Integer to : java.lang.String
20:20:50,639 (main) DEBUG [DataNucleus.Persistence] - TypeConverter(s) available for java.lang.Long to : java.lang.String
20:20:50,639 (main) DEBUG [DataNucleus.Persistence] - TypeConverter(s) available for java.lang.StringBuffer to : java.lang.String
20:20:50,639 (main) DEBUG [DataNucleus.Persistence] - TypeConverter(s) available for java.lang.StringBuilder to : java.lang.String
20:20:50,639 (main) DEBUG [DataNucleus.Persistence] - TypeConverter(s) available for java.math.BigDecimal to : java.lang.String,java.lang.Double
20:20:50,639 (main) DEBUG [DataNucleus.Persistence] - TypeConverter(s) available for java.math.BigInteger to : java.lang.String,java.lang.Long
20:20:50,639 (main) DEBUG [DataNucleus.Persistence] - TypeConverter(s) available for java.net.URI to : java.lang.String
20:20:50,639 (main) DEBUG [DataNucleus.Persistence] - TypeConverter(s) available for java.net.URL to : java.lang.String
20:20:50,639 (main) DEBUG [DataNucleus.Persistence] - TypeConverter(s) available for java.sql.Date to : java.lang.String,java.lang.Long,java.util.Date
20:20:50,639 (main) DEBUG [DataNucleus.Persistence] - TypeConverter(s) available for java.sql.Time to : java.lang.String,java.lang.Long,java.util.Date
20:20:50,639 (main) DEBUG [DataNucleus.Persistence] - TypeConverter(s) available for java.sql.Timestamp to : java.lang.String,java.lang.Long,java.util.Date
20:20:50,639 (main) DEBUG [DataNucleus.Persistence] - TypeConverter(s) available for java.time.Duration to : java.lang.String,java.lang.Long,java.lang.Double
20:20:50,639 (main) DEBUG [DataNucleus.Persistence] - TypeConverter(s) available for java.time.Instant to : java.lang.String,java.sql.Timestamp,java.lang.Long,java.util.Date
20:20:50,639 (main) DEBUG [DataNucleus.Persistence] - TypeConverter(s) available for java.time.LocalDate to : java.lang.String,java.sql.Date,java.util.Date
20:20:50,639 (main) DEBUG [DataNucleus.Persistence] - TypeConverter(s) available for java.time.LocalDateTime to : java.lang.String,java.sql.Timestamp,java.util.Date
20:20:50,639 (main) DEBUG [DataNucleus.Persistence] - TypeConverter(s) available for java.time.LocalTime to : java.lang.String,java.sql.Time,java.lang.Long,java.util.Date
20:20:50,639 (main) DEBUG [DataNucleus.Persistence] - TypeConverter(s) available for java.time.MonthDay to : java.lang.String,java.sql.Date,int[],java.util.Date
20:20:50,639 (main) DEBUG [DataNucleus.Persistence] - TypeConverter(s) available for java.time.OffsetDateTime to : java.lang.String,java.sql.Timestamp,java.util.Date
20:20:50,639 (main) DEBUG [DataNucleus.Persistence] - TypeConverter(s) available for java.time.OffsetTime to : java.lang.String,java.sql.Time,java.lang.Long
20:20:50,639 (main) DEBUG [DataNucleus.Persistence] - TypeConverter(s) available for java.time.Period to : java.lang.String,int[]
20:20:50,639 (main) DEBUG [DataNucleus.Persistence] - TypeConverter(s) available for java.time.Year to : java.lang.String,java.lang.Integer
20:20:50,639 (main) DEBUG [DataNucleus.Persistence] - TypeConverter(s) available for java.time.YearMonth to : java.lang.String,java.sql.Date,int[],java.util.Date
20:20:50,639 (main) DEBUG [DataNucleus.Persistence] - TypeConverter(s) available for java.time.ZonedDateTime to : java.lang.String,java.sql.Timestamp
20:20:50,639 (main) DEBUG [DataNucleus.Persistence] - TypeConverter(s) available for java.time.ZoneId to : java.lang.String
20:20:50,639 (main) DEBUG [DataNucleus.Persistence] - TypeConverter(s) available for java.time.ZoneOffset to : java.lang.String
20:20:50,639 (main) DEBUG [DataNucleus.Persistence] - TypeConverter(s) available for java.util.BitSet to : java.lang.String
20:20:50,639 (main) DEBUG [DataNucleus.Persistence] - TypeConverter(s) available for java.util.Calendar to : java.lang.String,java.sql.Timestamp,[Ljava.lang.Object;,java.util.Date
20:20:50,639 (main) DEBUG [DataNucleus.Persistence] - TypeConverter(s) available for java.util.Currency to : java.lang.String
20:20:50,639 (main) DEBUG [DataNucleus.Persistence] - TypeConverter(s) available for java.util.Date to : java.lang.String,java.lang.Long
20:20:50,639 (main) DEBUG [DataNucleus.Persistence] - TypeConverter(s) available for java.util.Locale to : java.lang.String
20:20:50,639 (main) DEBUG [DataNucleus.Persistence] - TypeConverter(s) available for java.util.TimeZone to : java.lang.String
20:20:50,639 (main) DEBUG [DataNucleus.Persistence] - TypeConverter(s) available for java.util.UUID to : java.lang.String
20:20:50,639 (main) DEBUG [DataNucleus.MetaData] - MetaDataManager : Input=(XML,Annotations), XML-Validation=false, XML-Suffices=(persistence=*.jdo, orm=orm, query=*.jdoquery), JDO-listener=false
20:20:50,639 (main) INFO  [DataNucleus.Enhancer] - DataNucleus Enhancer (versión 5.2.2) para el API "JDO" utilisando el JRE "{2}"
20:20:50,639 (main) DEBUG [DataNucleus.Enhancer] - DataNucleus Enhancer : Classpath
20:20:50,639 (main) DEBUG [DataNucleus.Enhancer] - >>  C:\Users\Hodei\.m2\repository\org\datanucleus\datanucleus-maven-plugin\4.0.0-release\datanucleus-maven-plugin-4.0.0-release.jar
20:20:50,639 (main) DEBUG [DataNucleus.Enhancer] - >>  C:\Users\Hodei\.m2\repository\org\codehaus\plexus\plexus-utils\3.0.8\plexus-utils-3.0.8.jar
20:20:50,639 (main) DEBUG [DataNucleus.Enhancer] - >>  C:\Users\Hodei\.m2\repository\org\apache\maven\maven-artifact\3.0.4\maven-artifact-3.0.4.jar
20:20:50,639 (main) DEBUG [DataNucleus.Enhancer] - >>  C:\Users\Hodei\.m2\repository\org\apache\maven\maven-plugin-api\3.0.4\maven-plugin-api-3.0.4.jar
20:20:50,639 (main) DEBUG [DataNucleus.Enhancer] - >>  C:\Users\Hodei\.m2\repository\org\apache\maven\maven-model\3.0.4\maven-model-3.0.4.jar
20:20:50,639 (main) DEBUG [DataNucleus.Enhancer] - >>  C:\Users\Hodei\.m2\repository\org\sonatype\sisu\sisu-inject-plexus\2.3.0\sisu-inject-plexus-2.3.0.jar
20:20:50,639 (main) DEBUG [DataNucleus.Enhancer] - >>  C:\Users\Hodei\.m2\repository\org\codehaus\plexus\plexus-component-annotations\1.5.5\plexus-component-annotations-1.5.5.jar
20:20:50,639 (main) DEBUG [DataNucleus.Enhancer] - >>  C:\Users\Hodei\.m2\repository\org\sonatype\sisu\sisu-inject-bean\2.3.0\sisu-inject-bean-2.3.0.jar
20:20:50,647 (main) DEBUG [DataNucleus.Enhancer] - >>  C:\Users\Hodei\.m2\repository\org\sonatype\sisu\sisu-guice\3.1.0\sisu-guice-3.1.0-no_aop.jar
20:20:50,647 (main) DEBUG [DataNucleus.Enhancer] - >>  C:\Users\Hodei\.m2\repository\org\sonatype\sisu\sisu-guava\0.9.9\sisu-guava-0.9.9.jar
20:20:50,647 (main) DEBUG [DataNucleus.Enhancer] - >>  C:\Users\Hodei\.m2\repository\org\codehaus\plexus\plexus-container-default\1.5.5\plexus-container-default-1.5.5.jar
20:20:50,647 (main) DEBUG [DataNucleus.Enhancer] - >>  C:\Users\Hodei\.m2\repository\org\codehaus\plexus\plexus-classworlds\2.2.2\plexus-classworlds-2.2.2.jar
20:20:50,647 (main) DEBUG [DataNucleus.Enhancer] - >>  C:\Users\Hodei\.m2\repository\org\apache\xbean\xbean-reflect\3.4\xbean-reflect-3.4.jar
20:20:50,647 (main) DEBUG [DataNucleus.Enhancer] - >>  C:\Users\Hodei\.m2\repository\log4j\log4j\1.2.12\log4j-1.2.12.jar
20:20:50,647 (main) DEBUG [DataNucleus.Enhancer] - >>  C:\Users\Hodei\.m2\repository\commons-logging\commons-logging-api\1.1\commons-logging-api-1.1.jar
20:20:50,647 (main) DEBUG [DataNucleus.Enhancer] - >>  C:\Users\Hodei\.m2\repository\com\google\collections\google-collections\1.0\google-collections-1.0.jar
20:20:50,647 (main) DEBUG [DataNucleus.Enhancer] - >>  C:\Users\Hodei\.m2\repository\junit\junit\3.8.2\junit-3.8.2.jar
20:20:50,649 (main) DEBUG [DataNucleus.Enhancer] - >>  C:\Users\Hodei\IdeaProjects\BiwangerServidor\target\classes
20:20:50,649 (main) DEBUG [DataNucleus.Enhancer] - >>  C:\Users\Hodei\.m2\repository\org\datanucleus\datanucleus-core\5.2.2\datanucleus-core-5.2.2.jar
20:20:50,649 (main) DEBUG [DataNucleus.Enhancer] - >>  C:\Users\Hodei\.m2\repository\org\datanucleus\datanucleus-api-jdo\5.2.2\datanucleus-api-jdo-5.2.2.jar
20:20:50,649 (main) DEBUG [DataNucleus.Enhancer] - >>  C:\Users\Hodei\.m2\repository\org\datanucleus\datanucleus-rdbms\5.2.1\datanucleus-rdbms-5.2.1.jar
20:20:50,649 (main) DEBUG [DataNucleus.Enhancer] - >>  C:\Users\Hodei\.m2\repository\org\datanucleus\javax.jdo\3.2.0-m12\javax.jdo-3.2.0-m12.jar
20:20:50,649 (main) DEBUG [DataNucleus.Enhancer] - >>  C:\Users\Hodei\.m2\repository\javax\transaction\transaction-api\1.1\transaction-api-1.1.jar
20:20:50,649 (main) DEBUG [DataNucleus.Enhancer] - >>  C:\Users\Hodei\.m2\repository\javax\jdo\jdo-api\3.0.1\jdo-api-3.0.1.jar
20:20:50,649 (main) DEBUG [DataNucleus.Enhancer] - >>  C:\Users\Hodei\.m2\repository\javax\transaction\jta\1.1\jta-1.1.jar
20:20:50,649 (main) DEBUG [DataNucleus.Enhancer] - >>  C:\Users\Hodei\.m2\repository\mysql\mysql-connector-java\5.1.45\mysql-connector-java-5.1.45.jar
20:20:50,649 (main) DEBUG [DataNucleus.Enhancer] - >>  C:\Users\Hodei\.m2\repository\org\glassfish\jersey\core\jersey-server\2.29\jersey-server-2.29.jar
20:20:50,649 (main) DEBUG [DataNucleus.Enhancer] - >>  C:\Users\Hodei\.m2\repository\org\glassfish\jersey\core\jersey-client\2.29\jersey-client-2.29.jar
20:20:50,649 (main) DEBUG [DataNucleus.Enhancer] - >>  C:\Users\Hodei\.m2\repository\jakarta\ws\rs\jakarta.ws.rs-api\2.1.5\jakarta.ws.rs-api-2.1.5.jar
20:20:50,649 (main) DEBUG [DataNucleus.Enhancer] - >>  C:\Users\Hodei\.m2\repository\org\glassfish\jersey\media\jersey-media-jaxb\2.29\jersey-media-jaxb-2.29.jar
20:20:50,649 (main) DEBUG [DataNucleus.Enhancer] - >>  C:\Users\Hodei\.m2\repository\jakarta\annotation\jakarta.annotation-api\1.3.4\jakarta.annotation-api-1.3.4.jar
20:20:50,649 (main) DEBUG [DataNucleus.Enhancer] - >>  C:\Users\Hodei\.m2\repository\org\glassfish\hk2\external\jakarta.inject\2.5.0\jakarta.inject-2.5.0.jar
20:20:50,649 (main) DEBUG [DataNucleus.Enhancer] - >>  C:\Users\Hodei\.m2\repository\javax\validation\validation-api\2.0.1.Final\validation-api-2.0.1.Final.jar
20:20:50,649 (main) DEBUG [DataNucleus.Enhancer] - >>  C:\Users\Hodei\.m2\repository\org\glassfish\jersey\containers\jersey-container-servlet\2.29\jersey-container-servlet-2.29.jar
20:20:50,649 (main) DEBUG [DataNucleus.Enhancer] - >>  C:\Users\Hodei\.m2\repository\org\glassfish\jersey\containers\jersey-container-servlet-core\2.29\jersey-container-servlet-core-2.29.jar
20:20:50,649 (main) DEBUG [DataNucleus.Enhancer] - >>  C:\Users\Hodei\.m2\repository\org\glassfish\jersey\core\jersey-common\2.29\jersey-common-2.29.jar
20:20:50,649 (main) DEBUG [DataNucleus.Enhancer] - >>  C:\Users\Hodei\.m2\repository\org\glassfish\hk2\osgi-resource-locator\1.0.3\osgi-resource-locator-1.0.3.jar
20:20:50,649 (main) DEBUG [DataNucleus.Enhancer] - >>  C:\Users\Hodei\.m2\repository\org\glassfish\jersey\inject\jersey-hk2\2.29\jersey-hk2-2.29.jar
20:20:50,649 (main) DEBUG [DataNucleus.Enhancer] - >>  C:\Users\Hodei\.m2\repository\org\glassfish\hk2\hk2-locator\2.5.0\hk2-locator-2.5.0.jar
20:20:50,649 (main) DEBUG [DataNucleus.Enhancer] - >>  C:\Users\Hodei\.m2\repository\org\glassfish\hk2\external\aopalliance-repackaged\2.5.0\aopalliance-repackaged-2.5.0.jar
20:20:50,649 (main) DEBUG [DataNucleus.Enhancer] - >>  C:\Users\Hodei\.m2\repository\org\glassfish\hk2\hk2-api\2.5.0\hk2-api-2.5.0.jar
20:20:50,649 (main) DEBUG [DataNucleus.Enhancer] - >>  C:\Users\Hodei\.m2\repository\org\glassfish\hk2\hk2-utils\2.5.0\hk2-utils-2.5.0.jar
20:20:50,649 (main) DEBUG [DataNucleus.Enhancer] - >>  C:\Users\Hodei\.m2\repository\org\javassist\javassist\3.22.0-CR2\javassist-3.22.0-CR2.jar
20:20:50,657 (main) DEBUG [DataNucleus.Enhancer] - >>  C:\Users\Hodei\.m2\repository\org\glassfish\jersey\media\jersey-media-json-jackson\2.29\jersey-media-json-jackson-2.29.jar
20:20:50,657 (main) DEBUG [DataNucleus.Enhancer] - >>  C:\Users\Hodei\.m2\repository\org\glassfish\jersey\ext\jersey-entity-filtering\2.29\jersey-entity-filtering-2.29.jar
20:20:50,657 (main) DEBUG [DataNucleus.Enhancer] - >>  C:\Users\Hodei\.m2\repository\com\fasterxml\jackson\core\jackson-annotations\2.9.9\jackson-annotations-2.9.9.jar
20:20:50,657 (main) DEBUG [DataNucleus.Enhancer] - >>  C:\Users\Hodei\.m2\repository\com\fasterxml\jackson\core\jackson-databind\2.9.9\jackson-databind-2.9.9.jar
20:20:50,657 (main) DEBUG [DataNucleus.Enhancer] - >>  C:\Users\Hodei\.m2\repository\com\fasterxml\jackson\core\jackson-core\2.9.9\jackson-core-2.9.9.jar
20:20:50,657 (main) DEBUG [DataNucleus.Enhancer] - >>  C:\Users\Hodei\.m2\repository\com\fasterxml\jackson\module\jackson-module-jaxb-annotations\2.9.9\jackson-module-jaxb-annotations-2.9.9.jar
20:20:50,657 (main) DEBUG [DataNucleus.Enhancer] - >>  C:\Users\Hodei\.m2\repository\javax\activation\activation\1.1.1\activation-1.1.1.jar
20:20:50,657 (main) DEBUG [DataNucleus.Enhancer] - >>  C:\Users\Hodei\.m2\repository\javax\xml\bind\jaxb-api\2.3.0\jaxb-api-2.3.0.jar
20:20:50,657 (main) DEBUG [DataNucleus.Enhancer] - >>  C:\Users\Hodei\.m2\repository\com\sun\xml\bind\jaxb-core\2.3.0\jaxb-core-2.3.0.jar
20:20:50,657 (main) DEBUG [DataNucleus.Enhancer] - >>  C:\Users\Hodei\.m2\repository\com\sun\xml\bind\jaxb-impl\2.3.0\jaxb-impl-2.3.0.jar
20:20:50,659 (main) DEBUG [DataNucleus.Enhancer] - Reading fileListFile: C:\Users\Hodei\AppData\Local\Temp\enhancer-3083966780931030663.flf
20:20:50,659 (main) DEBUG [DataNucleus.Enhancer] - Enhancing classes
20:20:50,679 (main) DEBUG [DataNucleus.MetaData] - MetaData Management : Carga de Metadata de las clases "[Biwanger.AppService.clsAppServiceAdmin, Biwanger.AppService.clsAppServiceUser, Biwanger.comun.clsHiloPujas, Biwanger.DAO.clsDAO, Biwanger.DAO.itfDAO, Biwanger.Facade.ServletContainer, Biwanger.ObjetosDominio.clsJugador, Biwanger.ObjetosDominio.clsPuja, Biwanger.ObjetosDominio.clsUsuario]" ...
20:20:50,689 (main) DEBUG [DataNucleus.MetaData] - No encontramos el MetaData del tipo "jdo" por la clase "Biwanger.AppService.clsAppServiceAdmin" en /META-INF/package.jdo
20:20:50,689 (main) DEBUG [DataNucleus.MetaData] - No encontramos el MetaData del tipo "jdo" por la clase "Biwanger.AppService.clsAppServiceAdmin" en /WEB-INF/package.jdo
20:20:50,689 (main) DEBUG [DataNucleus.MetaData] - No encontramos el MetaData del tipo "jdo" por la clase "Biwanger.AppService.clsAppServiceAdmin" en /package.jdo
20:20:50,689 (main) DEBUG [DataNucleus.MetaData] - No encontramos el MetaData del tipo "jdo" por la clase "Biwanger.AppService.clsAppServiceAdmin" en /Biwanger/package.jdo
20:20:50,689 (main) DEBUG [DataNucleus.MetaData] - No encontramos el MetaData del tipo "jdo" por la clase "Biwanger.AppService.clsAppServiceAdmin" en /Biwanger/AppService/package.jdo
20:20:50,697 (main) DEBUG [DataNucleus.MetaData] - No encontramos el MetaData del tipo "jdo" por la clase "Biwanger.AppService.clsAppServiceAdmin" en /Biwanger/AppService/clsAppServiceAdmin.jdo
20:20:50,697 (main) DEBUG [DataNucleus.MetaData] - No hemos encontrado el MetaData del tipo "jdo" por la clase "Biwanger.AppService.clsAppServiceAdmin"
20:20:50,697 (main) DEBUG [DataNucleus.MetaData] - Registrando la clase "Biwanger.AppService.clsAppServiceAdmin" no tener Meta-Data
20:20:50,699 (main) DEBUG [DataNucleus.MetaData] - La clase "Biwanger.AppService.clsAppServiceAdmin" no tiene MetaData o annotaciones.
20:20:50,699 (main) DEBUG [DataNucleus.MetaData] - No encontramos el MetaData del tipo "jdo" por la clase "Biwanger.AppService.clsAppServiceUser" en /META-INF/package.jdo
20:20:50,699 (main) DEBUG [DataNucleus.MetaData] - No encontramos el MetaData del tipo "jdo" por la clase "Biwanger.AppService.clsAppServiceUser" en /WEB-INF/package.jdo
20:20:50,699 (main) DEBUG [DataNucleus.MetaData] - No encontramos el MetaData del tipo "jdo" por la clase "Biwanger.AppService.clsAppServiceUser" en /package.jdo
20:20:50,709 (main) DEBUG [DataNucleus.MetaData] - No encontramos el MetaData del tipo "jdo" por la clase "Biwanger.AppService.clsAppServiceUser" en /Biwanger/package.jdo
20:20:50,709 (main) DEBUG [DataNucleus.MetaData] - No encontramos el MetaData del tipo "jdo" por la clase "Biwanger.AppService.clsAppServiceUser" en /Biwanger/AppService/package.jdo
20:20:50,729 (main) DEBUG [DataNucleus.MetaData] - No encontramos el MetaData del tipo "jdo" por la clase "Biwanger.AppService.clsAppServiceUser" en /Biwanger/AppService/clsAppServiceUser.jdo
20:20:50,729 (main) DEBUG [DataNucleus.MetaData] - No hemos encontrado el MetaData del tipo "jdo" por la clase "Biwanger.AppService.clsAppServiceUser"
20:20:50,729 (main) DEBUG [DataNucleus.MetaData] - Registrando la clase "Biwanger.AppService.clsAppServiceUser" no tener Meta-Data
20:20:50,729 (main) DEBUG [DataNucleus.MetaData] - La clase "Biwanger.AppService.clsAppServiceUser" no tiene MetaData o annotaciones.
20:20:50,738 (main) DEBUG [DataNucleus.MetaData] - No encontramos el MetaData del tipo "jdo" por la clase "Biwanger.comun.clsHiloPujas" en /META-INF/package.jdo
20:20:50,740 (main) DEBUG [DataNucleus.MetaData] - No encontramos el MetaData del tipo "jdo" por la clase "Biwanger.comun.clsHiloPujas" en /WEB-INF/package.jdo
20:20:50,740 (main) DEBUG [DataNucleus.MetaData] - No encontramos el MetaData del tipo "jdo" por la clase "Biwanger.comun.clsHiloPujas" en /package.jdo
20:20:50,740 (main) DEBUG [DataNucleus.MetaData] - No encontramos el MetaData del tipo "jdo" por la clase "Biwanger.comun.clsHiloPujas" en /Biwanger/package.jdo
20:20:50,740 (main) DEBUG [DataNucleus.MetaData] - No encontramos el MetaData del tipo "jdo" por la clase "Biwanger.comun.clsHiloPujas" en /Biwanger/comun/package.jdo
20:20:50,740 (main) DEBUG [DataNucleus.MetaData] - No encontramos el MetaData del tipo "jdo" por la clase "Biwanger.comun.clsHiloPujas" en /Biwanger/comun/clsHiloPujas.jdo
20:20:50,740 (main) DEBUG [DataNucleus.MetaData] - No hemos encontrado el MetaData del tipo "jdo" por la clase "Biwanger.comun.clsHiloPujas"
20:20:50,740 (main) DEBUG [DataNucleus.MetaData] - Registrando la clase "Biwanger.comun.clsHiloPujas" no tener Meta-Data
20:20:50,740 (main) DEBUG [DataNucleus.MetaData] - La clase "Biwanger.comun.clsHiloPujas" no tiene MetaData o annotaciones.
20:20:50,748 (main) DEBUG [DataNucleus.MetaData] - No encontramos el MetaData del tipo "jdo" por la clase "Biwanger.DAO.clsDAO" en /META-INF/package.jdo
20:20:50,750 (main) DEBUG [DataNucleus.MetaData] - No encontramos el MetaData del tipo "jdo" por la clase "Biwanger.DAO.clsDAO" en /WEB-INF/package.jdo
20:20:50,750 (main) DEBUG [DataNucleus.MetaData] - No encontramos el MetaData del tipo "jdo" por la clase "Biwanger.DAO.clsDAO" en /package.jdo
20:20:50,750 (main) DEBUG [DataNucleus.MetaData] - No encontramos el MetaData del tipo "jdo" por la clase "Biwanger.DAO.clsDAO" en /Biwanger/package.jdo
20:20:50,750 (main) DEBUG [DataNucleus.MetaData] - No encontramos el MetaData del tipo "jdo" por la clase "Biwanger.DAO.clsDAO" en /Biwanger/DAO/package.jdo
20:20:50,750 (main) DEBUG [DataNucleus.MetaData] - No encontramos el MetaData del tipo "jdo" por la clase "Biwanger.DAO.clsDAO" en /Biwanger/DAO/clsDAO.jdo
20:20:50,750 (main) DEBUG [DataNucleus.MetaData] - No hemos encontrado el MetaData del tipo "jdo" por la clase "Biwanger.DAO.clsDAO"
20:20:50,750 (main) DEBUG [DataNucleus.MetaData] - Registrando la clase "Biwanger.DAO.clsDAO" no tener Meta-Data
20:20:50,750 (main) DEBUG [DataNucleus.MetaData] - La clase "Biwanger.DAO.clsDAO" no tiene MetaData o annotaciones.
20:20:50,750 (main) DEBUG [DataNucleus.MetaData] - No encontramos el MetaData del tipo "jdo" por la clase "Biwanger.DAO.itfDAO" en /META-INF/package.jdo
20:20:50,750 (main) DEBUG [DataNucleus.MetaData] - No encontramos el MetaData del tipo "jdo" por la clase "Biwanger.DAO.itfDAO" en /WEB-INF/package.jdo
20:20:50,750 (main) DEBUG [DataNucleus.MetaData] - No encontramos el MetaData del tipo "jdo" por la clase "Biwanger.DAO.itfDAO" en /package.jdo
20:20:50,750 (main) DEBUG [DataNucleus.MetaData] - No encontramos el MetaData del tipo "jdo" por la clase "Biwanger.DAO.itfDAO" en /Biwanger/package.jdo
20:20:50,750 (main) DEBUG [DataNucleus.MetaData] - No encontramos el MetaData del tipo "jdo" por la clase "Biwanger.DAO.itfDAO" en /Biwanger/DAO/package.jdo
20:20:50,750 (main) DEBUG [DataNucleus.MetaData] - No encontramos el MetaData del tipo "jdo" por la clase "Biwanger.DAO.itfDAO" en /Biwanger/DAO/itfDAO.jdo
20:20:50,750 (main) DEBUG [DataNucleus.MetaData] - No hemos encontrado el MetaData del tipo "jdo" por la clase "Biwanger.DAO.itfDAO"
20:20:50,750 (main) DEBUG [DataNucleus.MetaData] - Registrando la clase "Biwanger.DAO.itfDAO" no tener Meta-Data
20:20:50,750 (main) DEBUG [DataNucleus.MetaData] - La clase "Biwanger.DAO.itfDAO" no tiene MetaData o annotaciones.
20:20:50,770 (main) DEBUG [DataNucleus.MetaData] - Clase "Biwanger.Facade.ServletContainer" tiene anotaciones pero no hay ningún AnnotationReader registrado para este tipo de anotaciones. Por favor compruebe el CLASSPATH y las anotaciones para validez.
20:20:50,770 (main) DEBUG [DataNucleus.MetaData] - No encontramos el MetaData del tipo "jdo" por la clase "Biwanger.Facade.ServletContainer" en /META-INF/package.jdo
20:20:50,778 (main) DEBUG [DataNucleus.MetaData] - No encontramos el MetaData del tipo "jdo" por la clase "Biwanger.Facade.ServletContainer" en /WEB-INF/package.jdo
20:20:50,778 (main) DEBUG [DataNucleus.MetaData] - No encontramos el MetaData del tipo "jdo" por la clase "Biwanger.Facade.ServletContainer" en /package.jdo
20:20:50,778 (main) DEBUG [DataNucleus.MetaData] - No encontramos el MetaData del tipo "jdo" por la clase "Biwanger.Facade.ServletContainer" en /Biwanger/package.jdo
20:20:50,778 (main) DEBUG [DataNucleus.MetaData] - No encontramos el MetaData del tipo "jdo" por la clase "Biwanger.Facade.ServletContainer" en /Biwanger/Facade/package.jdo
20:20:50,778 (main) DEBUG [DataNucleus.MetaData] - No encontramos el MetaData del tipo "jdo" por la clase "Biwanger.Facade.ServletContainer" en /Biwanger/Facade/ServletContainer.jdo
20:20:50,778 (main) DEBUG [DataNucleus.MetaData] - No hemos encontrado el MetaData del tipo "jdo" por la clase "Biwanger.Facade.ServletContainer"
20:20:50,778 (main) DEBUG [DataNucleus.MetaData] - Clase "Biwanger.Facade.ServletContainer" tiene anotaciones pero no hay ningún AnnotationReader registrado para este tipo de anotaciones. Por favor compruebe el CLASSPATH y las anotaciones para validez.
20:20:50,778 (main) DEBUG [DataNucleus.MetaData] - Registrando la clase "Biwanger.Facade.ServletContainer" no tener Meta-Data
20:20:50,778 (main) DEBUG [DataNucleus.MetaData] - La clase "Biwanger.Facade.ServletContainer" no tiene MetaData o annotaciones.
20:20:50,828 (main) DEBUG [DataNucleus.MetaData] - Clase "Biwanger.ObjetosDominio.clsJugador" tiene anotaciones de JDO y vamos a usarlas.
20:20:50,860 (main) DEBUG [DataNucleus.MetaData] - Clase "Biwanger.ObjetosDominio.clsPuja" tiene anotaciones de JDO y vamos a usarlas.
20:20:50,868 (main) DEBUG [DataNucleus.MetaData] - Clase "Biwanger.ObjetosDominio.clsUsuario" tiene anotaciones de JDO y vamos a usarlas.
20:20:50,870 (main) DEBUG [DataNucleus.MetaData] - Populación del MetaData ...
20:20:50,870 (main) DEBUG [DataNucleus.MetaData] - Clase "Biwanger.ObjetosDominio.clsJugador" : Populando Meta-Data
20:20:50,870 (main) DEBUG [DataNucleus.MetaData] - Clase "Biwanger.ObjetosDominio.clsJugador" campo "id" : añadiendo el Meta-Data por el campo como no estaba en la definición de Meta-Data.
20:20:50,870 (main) DEBUG [DataNucleus.MetaData] - Clase "Biwanger.ObjetosDominio.clsJugador" campo "nombre" : añadiendo el Meta-Data por el campo como no estaba en la definición de Meta-Data.
20:20:50,878 (main) DEBUG [DataNucleus.MetaData] - Clase "Biwanger.ObjetosDominio.clsJugador" campo "puntos" : añadiendo el Meta-Data por el campo como no estaba en la definición de Meta-Data.
20:20:50,878 (main) DEBUG [DataNucleus.MetaData] - Clase "Biwanger.ObjetosDominio.clsJugador" campo "posicion" : añadiendo el Meta-Data por el campo como no estaba en la definición de Meta-Data.
20:20:50,878 (main) DEBUG [DataNucleus.MetaData] - Clase "Biwanger.ObjetosDominio.clsJugador" campo "precio" : añadiendo el Meta-Data por el campo como no estaba en la definición de Meta-Data.
20:20:50,878 (main) DEBUG [DataNucleus.MetaData] - Clase "Biwanger.ObjetosDominio.clsJugador" campo "equipo" : añadiendo el Meta-Data por el campo como no estaba en la definición de Meta-Data.
20:20:50,878 (main) DEBUG [DataNucleus.MetaData] - Clase "Biwanger.ObjetosDominio.clsJugador" campo "alineado" : añadiendo el Meta-Data por el campo como no estaba en la definición de Meta-Data.
20:20:50,878 (main) DEBUG [DataNucleus.MetaData] - Clase "Biwanger.ObjetosDominio.clsJugador" campo "numGoles" : añadiendo el Meta-Data por el campo como no estaba en la definición de Meta-Data.
20:20:50,878 (main) DEBUG [DataNucleus.MetaData] - Clase "Biwanger.ObjetosDominio.clsJugador" campo "numAsistencias" : añadiendo el Meta-Data por el campo como no estaba en la definición de Meta-Data.
20:20:50,878 (main) DEBUG [DataNucleus.MetaData] - Clase "Biwanger.ObjetosDominio.clsJugador" campo "numTarjetasAmarillas" : añadiendo el Meta-Data por el campo como no estaba en la definición de Meta-Data.
20:20:50,878 (main) DEBUG [DataNucleus.MetaData] - Clase "Biwanger.ObjetosDominio.clsJugador" campo "numTarjetasRojas" : añadiendo el Meta-Data por el campo como no estaba en la definición de Meta-Data.
20:20:50,878 (main) DEBUG [DataNucleus.MetaData] - Clase "Biwanger.ObjetosDominio.clsJugador" campo "numPartidosJugados" : añadiendo el Meta-Data por el campo como no estaba en la definición de Meta-Data.
20:20:50,878 (main) DEBUG [DataNucleus.MetaData] - Clase "Biwanger.ObjetosDominio.clsJugador" campo "estado" : añadiendo el Meta-Data por el campo como no estaba en la definición de Meta-Data.
20:20:50,878 (main) DEBUG [DataNucleus.MetaData] - Clase "Biwanger.ObjetosDominio.clsJugador" campo "enVenta" : añadiendo el Meta-Data por el campo como no estaba en la definición de Meta-Data.
20:20:50,878 (main) DEBUG [DataNucleus.MetaData] - Clase "Biwanger.ObjetosDominio.clsJugador" campo "fechaVenta" : añadiendo el Meta-Data por el campo como no estaba en la definición de Meta-Data.
20:20:50,881 (main) DEBUG [DataNucleus.MetaData] - Clase "Biwanger.ObjetosDominio.clsPuja" : Populando Meta-Data
20:20:50,881 (main) DEBUG [DataNucleus.MetaData] - Clase "Biwanger.ObjetosDominio.clsPuja" campo "oferta" : añadiendo el Meta-Data por el campo como no estaba en la definición de Meta-Data.
20:20:50,881 (main) DEBUG [DataNucleus.MetaData] - Clase "Biwanger.ObjetosDominio.clsPuja" campo "fecha" : añadiendo el Meta-Data por el campo como no estaba en la definición de Meta-Data.
20:20:50,881 (main) DEBUG [DataNucleus.MetaData] - Clase "Biwanger.ObjetosDominio.clsUsuario" : Populando Meta-Data
20:20:50,881 (main) DEBUG [DataNucleus.MetaData] - Clase "Biwanger.ObjetosDominio.clsUsuario" campo "password" : añadiendo el Meta-Data por el campo como no estaba en la definición de Meta-Data.
20:20:50,881 (main) DEBUG [DataNucleus.MetaData] - Clase "Biwanger.ObjetosDominio.clsUsuario" campo "puntuacion" : añadiendo el Meta-Data por el campo como no estaba en la definición de Meta-Data.
20:20:50,881 (main) DEBUG [DataNucleus.MetaData] - Clase "Biwanger.ObjetosDominio.clsUsuario" campo "fondos" : añadiendo el Meta-Data por el campo como no estaba en la definición de Meta-Data.
20:20:50,881 (main) DEBUG [DataNucleus.MetaData] - Clase "Biwanger.ObjetosDominio.clsUsuario" campo "formacion" : añadiendo el Meta-Data por el campo como no estaba en la definición de Meta-Data.
20:20:50,881 (main) DEBUG [DataNucleus.MetaData] - Inicialisación del MetaData ...
20:20:50,881 (main) DEBUG [DataNucleus.MetaData] - Clase "Biwanger.ObjetosDominio.clsJugador" : Inicializando Meta-Data
20:20:50,889 (main) DEBUG [DataNucleus.MetaData] - Clase "Biwanger.ObjetosDominio.clsPuja" : Inicializando Meta-Data
20:20:50,889 (main) DEBUG [DataNucleus.MetaData] - Clase "Biwanger.ObjetosDominio.clsUsuario" : Inicializando Meta-Data
20:20:50,891 (main) DEBUG [DataNucleus.MetaData] - MetaData Management : Carga de Metadata ya ha terminado
20:20:50,891 (main) DEBUG [DataNucleus.Enhancer] - Enhance de la clase "Biwanger.ObjetosDominio.clsJugador" empezando ...
20:20:50,919 (main) INFO  [DataNucleus.Enhancer] - La clase "Biwanger.ObjetosDominio.clsJugador" esta enhanced.
20:20:50,919 (main) INFO  [DataNucleus.Enhancer] - ENHANCED (Persistable) : Biwanger.ObjetosDominio.clsJugador
20:20:50,921 (main) DEBUG [DataNucleus.Enhancer] - Enhance de la clase "Biwanger.ObjetosDominio.clsJugador" ha terminado
20:20:50,921 (main) DEBUG [DataNucleus.Enhancer] - Enhance de la clase "Biwanger.ObjetosDominio.clsPuja" empezando ...
20:20:50,921 (main) INFO  [DataNucleus.Enhancer] - La clase "Biwanger.ObjetosDominio.clsPuja" esta enhanced.
20:20:50,921 (main) INFO  [DataNucleus.Enhancer] - ENHANCED (Persistable) : Biwanger.ObjetosDominio.clsPuja
20:20:50,921 (main) DEBUG [DataNucleus.Enhancer] - Enhance de la clase "Biwanger.ObjetosDominio.clsPuja" ha terminado
20:20:50,921 (main) DEBUG [DataNucleus.Enhancer] - Enhance de la clase "Biwanger.ObjetosDominio.clsUsuario" empezando ...
20:20:50,929 (main) INFO  [DataNucleus.Enhancer] - La clase "Biwanger.ObjetosDominio.clsUsuario" esta enhanced.
20:20:50,931 (main) INFO  [DataNucleus.Enhancer] - ENHANCED (Persistable) : Biwanger.ObjetosDominio.clsUsuario
20:20:50,931 (main) DEBUG [DataNucleus.Enhancer] - Enhance de la clase "Biwanger.ObjetosDominio.clsUsuario" ha terminado
20:20:50,931 (main) INFO  [DataNucleus.Enhancer] - DataNucleus Enhancer ha terminado con exito para 3 clases. Tiempos : input=232 ms, enhance=40 ms, total=272 ms. Compruebe el LOG para los detalles
